-08-11T19:19:48: >>> Adobe Updater Log Begin >>>
2020-08-11T19:19:48: Application Version: 6.0.0.67
2020-08-11T19:19:48: cmdline option: -logFile = C:\Users\suporte\AppData\Local\Adobe\AAMUpdater\1.0\aamul.log
2020-08-11T19:19:48: cmdline option: -logLevel = 2
2020-08-11T19:19:48: StartupUtility : Loaded at startup/logon.
2020-08-11T19:19:48: UCIsUpdaterEnabled : UpdaterIsEnabled.
2020-08-11T19:19:48: Updater has never been run on the machine.
2020-08-11T19:19:48: StartupUtility : Window is NOT Elapsed.
2020-08-11T19:19:48: <<< Adobe Updater Log End <<<


2020-08-12T09:58:22: >>> Adobe Updater Log Begin >>>
2020-08-12T09:58:22: Application Version: 6.0.0.67
2020-08-12T09:58:22: cmdline option: -logFile = C:\Users\suporte\AppData\Local\Adobe\AAMUpdater\1.0\aamul.log
2020-08-12T09:58:22: cmdline option: -logLevel = 2
2020-08-12T09:58:22: StartupUtility : Loaded at startup/logon.
2020-08-12T09:58:22: UCIsUpdaterEnabled : UpdaterIsEnabled.
2020-08-12T09:58:22: Updater has never been run on the machine.
2020-08-12T09:58:22: StartupUtility : Window is NOT Elapsed.
2020-08-12T09:58:22: <<< Adobe Updater Log End <<<


2020-08-13T09:55:51: >>> Adobe Updater Log Begin >>>
2020-08-13T09:55:51: Application Version: 6.0.0.67
2020-08-13T09:55:51: cmdline option: -logFile = C:\Users\suporte\AppData\Local\Adobe\AAMUpdater\1.0\aamul.log
2020-08-13T09:55:51: cmdline option: -logLevel = 2
2020-08-13T09:55:51: StartupUtility : Loaded at startup/logon.
2020-08-13T09:55:51: UCIsUpdaterEnabled : UpdaterIsEnabled.
2020-08-13T09:55:51: Updater has never been run on the machine.
2020-08-13T09:55:51: StartupUtility : Window is NOT Elapsed.
2020-08-13T09:55:51: <<< Adobe Updater Log End <<<


2020-08-13T12:29:36: >>> Adobe Updater Log Begin >>>
2020-08-13T12:29:36: Application Version: 6.0.0.67
2020-08-13T12:29:36: cmdline option: -logFile = C:\Users\suporte\AppData\Local\Adobe\AAMUpdater\1.0\aamul.log
2020-08-13T12:29:36: cmdline option: -logLevel = 2
2020-08-13T12:29:36: StartupUtility : Loaded at startup/logon.
2020-08-13T12:29:36: UCIsUpdaterEnabled : UpdaterIsEnabled.
2020-08-13T12:29:36: Updater has never been run on the machine.
2020-08-13T12:29:36: StartupUtility : Window is NOT Elapsed.
2020-08-13T12:29:36: <<< Adobe Updater Log End <<<


2020-08-13T16:52:38: >>> Adobe Updater Log Begin >>>
2020-08-13T16:52:38: Application Version: 6.0.0.67
2020-08-13T16:52:38: cmdline option: -logFile = C:\Users\suporte\AppData\Local\Adobe\AAMUpdater\1.0\aamul.log
2020-08-13T16:52:38: cmdline option: -logLevel = 2
2020-08-13T16:52:38: StartupUtility : Loaded at startup/logon.
2020-08-13T16:52:38: UCIsUpdaterEnabled : UpdaterIsEnabled.
2020-08-13T16:52:38: Updater has never been run on the machine.
2020-08-13T16:52:38: StartupUtility : Window is NOT Elapsed.
2020-08-13T16:52:38: <<< Adobe Updater Log End <<<


2020-08-13T20:35:01: >>> Adobe Updater Log Begin >>>
2020-08-13T20:35:01: Application Version: 6.0.0.67
2020-08-13T20:35:01: cmdline option: -logFile = C:\Users\suporte\AppData\Local\Adobe\AAMUpdater\1.0\aamul.log
2020-08-13T20:35:01: cmdline option: -logLevel = 2
2020-08-13T20:35:01: StartupUtility : Loaded at startup/logon.
2020-08-13T20:35:01: UCIsUpdaterEnabled : UpdaterIsEnabled.
2020-08-13T20:35:01: Updater has never been run on the machine.
2020-08-13T20:35:01: StartupUtility : Window is NOT Elapsed.
2020-08-13T20:35:01: <<< Adobe Updater Log End <<<


2020-08-14T10:03:53: >>> Adobe Updater Log Begin >>>
2020-08-14T10:03:53: Application Version: 6.0.0.67
2020-08-14T10:03:53: cmdline option: -logFile = C:\Users\suporte\AppData\Local\Adobe\AAMUpdater\1.0\aamul.log
2020-08-14T10:03:53: cmdline option: -logLevel = 2
2020-08-14T10:03:53: StartupUtility : Loaded at startup/logon.
2020-08-14T10:03:53: UCIsUpdaterEnabled : UpdaterIsEnabled.
2020-08-14T10:03:53: Updater has never been run on the machine.
2020-08-14T10:03:53: StartupUtility : Window is NOT Elapsed.
2020-08-14T10:03:53: <<< Adobe Updater Log End <<<


2020-08-14T17:12:16: >>> Adobe Updater Log Begin >>>
2020-08-14T17:12:16: Application Version: 6.0.0.67
2020-08-14T17:12:16: cmdline option: -logFile = C:\Users\suporte\AppData\Local\Adobe\AAMUpdater\1.0\aamul.log
2020-08-14T17:12:16: cmdline option: -logLevel = 2
2020-08-14T17:12:16: StartupUtility : Loaded at startup/logon.
2020-08-14T17:12:16: UCIsUpdaterEnabled : UpdaterIsEnabled.
2020-08-14T17:12:16: Updater has never been run on the machine.
2020-08-14T17:12:16: StartupUtility : Window is NOT Elapsed.
2020-08-14T17:12:16: <<< Adobe Updater Log End <<<


2020-08-18T10:05:56: >>> Adobe Updater Log Begin >>>
2020-08-18T10:05:56: Application Version: 6.0.0.67
2020-08-18T10:05:56: cmdline option: -logFile = C:\Users\suporte\AppData\Local\Adobe\AAMUpdater\1.0\aamul.log
2020-08-18T10:05:56: cmdline option: -logLevel = 2
2020-08-18T10:05:56: StartupUtility : Loaded at startup/logon.
2020-08-18T10:05:56: UCIsUpdaterEnabled : UpdaterIsEnabled.
2020-08-18T10:05:56: Updater has never been run on the machine.
2020-08-18T10:05:56: StartupUtility : Window is NOT Elapsed.
2020-08-18T10:05:56: <<< Adobe Updater Log End <<<


2020-08-19T10:04:28: >>> Adobe Updater Log Begin >>>
2020-08-19T10:04:28: Application Version: 6.0.0.67
2020-08-19T10:04:28: cmdline option: -logFile = C:\Users\suporte\AppData\Local\Adobe\AAMUpdater\1.0\aamul.log
2020-08-19T10:04:28: cmdline option: -logLevel = 2
2020-08-19T10:04:28: StartupUtility : Loaded at startup/logon.
2020-08-19T10:04:28: UCIsUpdaterEnabled : UpdaterIsEnabled.
2020-08-19T10:04:28: Updater has never been run on the machine.
2020-08-19T10:04:28: StartupUtility : Window is NOT Elapsed.
2020-08-19T10:04:28: <<< Adobe Updater Log End <<<


2020-08-19T17:11:26: >>> Adobe Updater Log Begin >>>
2020-08-19T17:11:26: Application Version: 6.0.0.67
2020-08-19T17:11:26: cmdline option: -logFile = C:\Users\suporte\AppData\Local\Adobe\AAMUpdater\1.0\aamul.log
2020-08-19T17:11:26: cmdline option: -logLevel = 2
2020-08-19T17:11:26: StartupUtility : Loaded at startup/logon.
2020-08-19T17:11:26: UCIsUpdaterEnabled : UpdaterIsEnabled.
2020-08-19T17:11:26: Updater has never been run on the machine.
2020-08-19T17:11:26: StartupUtility : Window is NOT Elapsed.
2020-08-19T17:11:26: <<< Adobe Updater Log End <<<


2020-08-20T10:02:57: >>> Adobe Updater Log Begin >>>
2020-08-20T10:02:57: Application Version: 6.0.0.67
2020-08-20T10:02:57: cmdline option: -logFile = C:\Users\suporte\AppData\Local\Adobe\AAMUpdater\1.0\aamul.log
2020-08-20T10:02:57: cmdline option: -logLevel = 2
2020-08-20T10:02:57: StartupUtility : Loaded at startup/logon.
2020-08-20T10:02:57: UCIsUpdaterEnabled : UpdaterIsEnabled.
2020-08-20T10:02:57: Updater has never been run on the machine.
2020-08-20T10:02:57: StartupUtility : Window is NOT Elapsed.
2020-08-20T10:02:57: <<< Adobe Updater Log End <<<


2020-08-20T23:08:56: >>> Adobe Updater Log Begin >>>
2020-08-20T23:08:56: Application Version: 6.0.0.67
2020-08-20T23:08:56: cmdline option: -logFile = C:\Users\suporte\AppData\Local\Adobe\AAMUpdater\1.0\aamul.log
2020-08-20T23:08:56: cmdline option: -logLevel = 2
2020-08-20T23:08:56: StartupUtility : Loaded at startup/logon.
2020-08-20T23:08:56: UCIsUpdaterEnabled : UpdaterIsEnabled.
2020-08-20T23:08:56: Updater has never been run on the machine.
2020-08-20T23:08:56: StartupUtility : Window is NOT Elapsed.
2020-08-20T23:08:56: <<< Adobe Updater Log End <<<


2020-08-21T09:53:40: >>> Adobe Updater Log Begin >>>
2020-08-21T09:53:40: Application Version: 6.0.0.67
2020-08-21T09:53:40: cmdline option: -logFile = C:\Users\suporte\AppData\Local\Adobe\AAMUpdater\1.0\aamul.log
2020-08-21T09:53:40: cmdline option: -logLevel = 2
2020-08-21T09:53:40: StartupUtility : Loaded at startup/logon.
2020-08-21T09:53:40: UCIsUpdaterEnabled : UpdaterIsEnabled.
2020-08-21T09:53:40: Updater has never been run on the machine.
2020-08-21T09:53:40: StartupUtility : Window is NOT Elapsed.
2020-08-21T09:53:40: <<< Adobe Updater Log End <<<


2020-08-21T21:18:43: >>> Adobe Updater Log Begin >>>
2020-08-21T21:18:43: Application Version: 6.0.0.67
2020-08-21T21:18:43: cmdline option: -logFile = C:\Users\suporte\AppData\Local\Adobe\AAMUpdater\1.0\aamul.log
2020-08-21T21:18:43: cmdline option: -logLevel = 2
2020-08-21T21:18:43: StartupUtility : Loaded at startup/logon.
2020-08-21T21:18:43: UCIsUpdaterEnabled : UpdaterIsEnabled.
2020-08-21T21:18:43: Updater has never been run on the machine.
2020-08-21T21:18:43: StartupUtility : Window is NOT Elapsed.
2020-08-21T21:18:43: <<< Adobe Updater Log End <<<


2020-08-23T22:44:24: >>> Adobe Updater Log Begin >>>
2020-08-23T22:44:24: Application Version: 6.0.0.67
2020-08-23T22:44:24: cmdline option: -logFile = C:\Users\suporte\AppData\Local\Adobe\AAMUpdater\1.0\aamul.log
2020-08-23T22:44:24: cmdline option: -logLevel = 2
2020-08-23T22:44:24: StartupUtility : Loaded at startup/logon.
2020-08-23T22:44:24: UCIsUpdaterEnabled : UpdaterIsEnabled.
2020-08-23T22:44:24: Updater has never been run on the machine.
2020-08-23T22:44:24: StartupUtility : Window is NOT Elapsed.
2020-08-23T22:44:24: <<< Adobe Updater Log End <<<


2020-08-24T09:49:19: >>> Adobe Updater Log Begin >>>
2020-08-24T09:49:19: Application Version: 6.0.0.67
2020-08-24T09:49:19: cmdline option: -logFile = C:\Users\suporte\AppData\Local\Adobe\AAMUpdater\1.0\aamul.log
2020-08-24T09:49:19: cmdline option: -logLevel = 2
2020-08-24T09:49:19: StartupUtility : Loaded at startup/logon.
2020-08-24T09:49:19: UCIsUpdaterEnabled : UpdaterIsEnabled.
2020-08-24T09:49:19: Updater has never been run on the machine.
2020-08-24T09:49:19: StartupUtility : Window is NOT Elapsed.
2020-08-24T09:49:19: <<< Adobe Updater Log End <<<


2020-08-24T17:32:40: >>> Adobe Updater Log Begin >>>
2020-08-24T17:32:40: Application Version: 6.0.0.67
2020-08-24T17:32:40: cmdline option: -logFile = C:\Users\suporte\AppData\Local\Adobe\AAMUpdater\1.0\aamul.log
2020-08-24T17:32:40: cmdline option: -logLevel = 2
2020-08-24T17:32:40: StartupUtility : Loaded at startup/logon.
2020-08-24T17:32:40: UCIsUpdaterEnabled : UpdaterIsEnabled.
2020-08-24T17:32:40: Updater has never been run on the machine.
2020-08-24T17:32:40: StartupUtility : Window is NOT Elapsed.
2020-08-24T17:32:40: <<< Adobe Updater Log End <<<


2020-08-24T21:36:54: >>> Adobe Updater Log Begin >>>
2020-08-24T21:36:54: Application Version: 6.0.0.67
2020-08-24T21:36:54: cmdline option: -logFile = C:\Users\suporte\AppData\Local\Adobe\AAMUpdater\1.0\aamul.log
2020-08-24T21:36:54: cmdline option: -logLevel = 2
2020-08-24T21:36:54: StartupUtility : Loaded at startup/logon.
2020-08-24T21:36:54: UCIsUpdaterEnabled : UpdaterIsEnabled.
2020-08-24T21:36:54: Updater has never been run on the machine.
2020-08-24T21:36:54: StartupUtility : Window is NOT Elapsed.
2020-08-24T21:36:54: <<< Adobe Updater Log End <<<


2020-08-25T10:01:21: >>> Adobe Updater Log Begin >>>
2020-08-25T10:01:21: Application Version: 6.0.0.67
2020-08-25T10:01:21: cmdline option: -logFile = C:\Users\suporte\AppData\Local\Adobe\AAMUpdater\1.0\aamul.log
2020-08-25T10:01:21: cmdline option: -logLevel = 2
2020-08-25T10:01:21: StartupUtility : Loaded at startup/logon.
2020-08-25T10:01:21: UCIsUpdaterEnabled : UpdaterIsEnabled.
2020-08-25T10:01:21: Updater has never been run on the machine.
2020-08-25T10:01:21: StartupUtility : Window is NOT Elapsed.
2020-08-25T10:01:21: <<< Adobe Updater Log End <<<


2020-08-25T19:30:24: >>> Adobe Updater Log Begin >>>
2020-08-25T19:30:24: Application Version: 6.0.0.67
2020-08-25T19:30:24: cmdline option: -logFile = C:\Users\suporte\AppData\Local\Adobe\AAMUpdater\1.0\aamul.log
2020-08-25T19:30:24: cmdline option: -logLevel = 2
2020-08-25T19:30:24: StartupUtility : Loaded at startup/logon.
2020-08-25T19:30:24: UCIsUpdaterEnabled : UpdaterIsEnabled.
2020-08-25T19:30:24: Updater has never been run on the machine.
2020-08-25T19:30:24: StartupUtility : Window is NOT Elapsed.
2020-08-25T19:30:24: <<< Adobe Updater Log End <<<


2020-08-26T09:57:59: >>> Adobe Updater Log Begin >>>
2020-08-26T09:57:59: Application Version: 6.0.0.67
2020-08-26T09:57:59: cmdline option: -logFile = C:\Users\suporte\AppData\Local\Adobe\AAMUpdater\1.0\aamul.log
2020-08-26T09:57:59: cmdline option: -logLevel = 2
2020-08-26T09:57:59: StartupUtility : Loaded at startup/logon.
2020-08-26T09:57:59: UCIsUpdaterEnabled : UpdaterIsEnabled.
2020-08-26T09:57:59: Updater has never been run on the machine.
2020-08-26T09:57:59: StartupUtility : Window is NOT Elapsed.
2020-08-26T09:57:59: <<< Adobe Updater Log End <<<


2020-08-27T10:03:32: >>> Adobe Updater Log Begin >>>
2020-08-27T10:03:32: Application Version: 6.0.0.67
2020-08-27T10:03:32: cmdline option: -logFile = C:\Users\suporte\AppData\Local\Adobe\AAMUpdater\1.0\aamul.log
2020-08-27T10:03:32: cmdline option: -logLevel = 2
2020-08-27T10:03:32: StartupUtility : Loaded at startup/logon.
2020-08-27T10:03:32: UCIsUpdaterEnabled : UpdaterIsEnabled.
2020-08-27T10:03:32: Updater has never been run on the machine.
2020-08-27T10:03:32: StartupUtility : Window is NOT Elapsed.
2020-08-27T10:03:32: <<< Adobe Updater Log End <<<


2020-08-28T00:19:51: >>> Adobe Updater Log Begin >>>
2020-08-28T00:19:51: Application Version: 6.0.0.67
2020-08-28T00:19:51: cmdline option: -logFile = C:\Users\suporte\AppData\Local\Adobe\AAMUpdater\1.0\aamul.log
2020-08-28T00:19:51: cmdline option: -logLevel = 2
2020-08-28T00:19:51: StartupUtility : Loaded at startup/logon.
2020-08-28T00:19:51: UCIsUpdaterEnabled : UpdaterIsEnabled.
2020-08-28T00:19:51: Updater has never been run on the machine.
2020-08-28T00:19:51: StartupUtility : Window is NOT Elapsed.
2020-08-28T00:19:51: <<< Adobe Updater Log End <<<


2020-08-28T10:02:02: >>> Adobe Updater Log Begin >>>
2020-08-28T10:02:02: Application Version: 6.0.0.67
2020-08-28T10:02:02: cmdline option: -logFile = C:\Users\suporte\AppData\Local\Adobe\AAMUpdater\1.0\aamul.log
2020-08-28T10:02:02: cmdline option: -logLevel = 2
2020-08-28T10:02:02: StartupUtility : Loaded at startup/logon.
2020-08-28T10:02:02: UCIsUpdaterEnabled : UpdaterIsEnabled.
2020-08-28T10:02:02: Updater has never been run on the machine.
2020-08-28T10:02:02: StartupUtility : Window is NOT Elapsed.
2020-08-28T10:02:02: <<< Adobe Updater Log End <<<


2020-08-28T18:18:33: >>> Adobe Updater Log Begin >>>
2020-08-28T18:18:33: Application Version: 6.0.0.67
2020-08-28T18:18:33: cmdline option: -logFile = C:\Users\suporte\AppData\Local\Adobe\AAMUpdater\1.0\aamul.log
2020-08-28T18:18:33: cmdline option: -logLevel = 2
2020-08-28T18:18:33: StartupUtility : Loaded at startup/logon.
2020-08-28T18:18:33: UCIsUpdaterEnabled : UpdaterIsEnabled.
2020-08-28T18:18:33: Updater has never been run on the machine.
2020-08-28T18:18:33: StartupUtility : Window is NOT Elapsed.
2020-08-28T18:18:33: <<< Adobe Updater Log End <<<


2020-08-28T21:35:09: >>> Adobe Updater Log Begin >>>
2020-08-28T21:35:09: Application Version: 6.0.0.67
2020-08-28T21:35:09: cmdline option: -logFile = C:\Users\suporte\AppData\Local\Adobe\AAMUpdater\1.0\aamul.log
2020-08-28T21:35:09: cmdline option: -logLevel = 2
2020-08-28T21:35:09: StartupUtility : Loaded at startup/logon.
2020-08-28T21:35:09: UCIsUpdaterEnabled : UpdaterIsEnabled.
2020-08-28T21:35:09: Updater has never been run on the machine.
2020-08-28T21:35:09: StartupUtility : Window is NOT Elapsed.
2020-08-28T21:35:09: <<< Adobe Updater Log End <<<


2020-08-29T10:32:20: >>> Adobe Updater Log Begin >>>
2020-08-29T10:32:20: Application Version: 6.0.0.67
2020-08-29T10:32:20: cmdline option: -logFile = C:\Users\suporte\AppData\Local\Adobe\AAMUpdater\1.0\aamul.log
2020-08-29T10:32:20: cmdline option: -logLevel = 2
2020-08-29T10:32:20: StartupUtility : Loaded at startup/logon.
2020-08-29T10:32:20: UCIsUpdaterEnabled : UpdaterIsEnabled.
2020-08-29T10:32:20: Updater has never been run on the machine.
2020-08-29T10:32:20: StartupUtility : Window is NOT Elapsed.
2020-08-29T10:32:20: <<< Adobe Updater Log End <<<


2020-08-29T19:30:27: >>> Adobe Updater Log Begin >>>
2020-08-29T19:30:27: Application Version: 6.0.0.67
2020-08-29T19:30:27: cmdline option: -logFile = C:\Users\suporte\AppData\Local\Adobe\AAMUpdater\1.0\aamul.log
2020-08-29T19:30:27: cmdline option: -logLevel = 2
2020-08-29T19:30:27: StartupUtility : Loaded at startup/logon.
2020-08-29T19:30:27: UCIsUpdaterEnabled : UpdaterIsEnabled.
2020-08-29T19:30:27: Updater has never been run on the machine.
2020-08-29T19:30:27: StartupUtility : Window is NOT Elapsed.
2020-08-29T19:30:27: <<< Adobe Updater Log End <<<


2020-08-31T10:08:42: >>> Adobe Updater Log Begin >>>
2020-08-31T10:08:42: Application Version: 6.0.0.67
2020-08-31T10:08:42: cmdline option: -logFile = C:\Users\suporte\AppData\Local\Adobe\AAMUpdater\1.0\aamul.log
2020-08-31T10:08:42: cmdline option: -logLevel = 2
2020-08-31T10:08:42: StartupUtility : Loaded at startup/logon.
2020-08-31T10:08:42: UCIsUpdaterEnabled : UpdaterIsEnabled.
2020-08-31T10:08:42: Updater has never been run on the machine.
2020-08-31T10:08:42: StartupUtility : Window is NOT Elapsed.
2020-08-31T10:08:42: <<< Adobe Updater Log End <<<


2020-08-31T21:41:21: >>> Adobe Updater Log Begin >>>
2020-08-31T21:41:21: Application Version: 6.0.0.67
2020-08-31T21:41:21: cmdline option: -logFile = C:\Users\suporte\AppData\Local\Adobe\AAMUpdater\1.0\aamul.log
2020-08-31T21:41:21: cmdline option: -logLevel = 2
2020-08-31T21:41:21: StartupUtility : Loaded at startup/logon.
2020-08-31T21:41:21: UCIsUpdaterEnabled : UpdaterIsEnabled.
2020-08-31T21:41:21: Updater has never been run on the machine.
2020-08-31T21:41:21: StartupUtility : Window is NOT Elapsed.
2020-08-31T21:41:21: <<< Adobe Updater Log End <<<


2020-09-01T10:10:39: >>> Adobe Updater Log Begin >>>
2020-09-01T10:10:39: Application Version: 6.0.0.67
2020-09-01T10:10:39: cmdline option: -logFile = C:\Users\suporte\AppData\Local\Adobe\AAMUpdater\1.0\aamul.log
2020-09-01T10:10:39: cmdline option: -logLevel = 2
2020-09-01T10:10:39: StartupUtility : Loaded at startup/logon.
2020-09-01T10:10:39: UCIsUpdaterEnabled : UpdaterIsEnabled.
2020-09-01T10:10:39: Updater has never been run on the machine.
2020-09-01T10:10:39: StartupUtility : Window is NOT Elapsed.
2020-09-01T10:10:39: <<< Adobe Updater Log End <<<


2020-09-01T12:46:52: >>> Adobe Updater Log Begin >>>
2020-09-01T12:46:52: Application Version: 6.0.0.67
2020-09-01T12:46:52: cmdline option: -logFile = C:\Users\suporte\AppData\Local\Adobe\AAMUpdater\1.0\aamul.log
2020-09-01T12:46:52: cmdline option: -logLevel = 2
2020-09-01T12:46:52: StartupUtility : Loaded at startup/logon.
2020-09-01T12:46:52: UCIsUpdaterEnabled : UpdaterIsEnabled.
2020-09-01T12:46:52: Updater has never been run on the machine.
2020-09-01T12:46:52: StartupUtility : Window is NOT Elapsed.
2020-09-01T12:46:52: <<< Adobe Updater Log End <<<


2020-09-01T15:03:41: >>> Adobe Updater Log Begin >>>
2020-09-01T15:03:41: Application Version: 6.0.0.67
2020-09-01T15:03:41: cmdline option: -logFile = C:\Users\suporte\AppData\Local\Adobe\AAMUpdater\1.0\aamul.log
2020-09-01T15:03:41: cmdline option: -logLevel = 2
2020-09-01T15:03:41: StartupUtility : Loaded at startup/logon.
2020-09-01T15:03:41: UCIsUpdaterEnabled : UpdaterIsEnabled.
2020-09-01T15:03:41: Updater has never been run on the machine.
2020-09-01T15:03:41: StartupUtility : Window is NOT Elapsed.
2020-09-01T15:03:41: <<< Adobe Updater Log End <<<


2020-09-02T00:55:57: >>> Adobe Updater Log Begin >>>
2020-09-02T00:55:57: Application Version: 6.0.0.67
2020-09-02T00:55:57: cmdline option: -logFile = C:\Users\suporte\AppData\Local\Adobe\AAMUpdater\1.0\aamul.log
2020-09-02T00:55:57: cmdline option: -logLevel = 2
2020-09-02T00:55:57: StartupUtility : Loaded at startup/logon.
2020-09-02T00:55:57: UCIsUpdaterEnabled : UpdaterIsEnabled.
2020-09-02T00:55:57: Updater has never been run on the machine.
2020-09-02T00:55:57: StartupUtility : Window is NOT Elapsed.
2020-09-02T00:55:57: <<< Adobe Updater Log End <<<


2020-09-02T21:10:44: >>> Adobe Updater Log Begin >>>
2020-09-02T21:10:44: Application Version: 6.0.0.67
2020-09-02T21:10:44: cmdline option: -logFile = C:\Users\suporte\AppData\Local\Adobe\AAMUpdater\1.0\aamul.log
2020-09-02T21:10:44: cmdline option: -logLevel = 2
2020-09-02T21:10:44: StartupUtility : Loaded at startup/logon.
2020-09-02T21:10:44: UCIsUpdaterEnabled : UpdaterIsEnabled.
2020-09-02T21:10:44: Updater has never been run on the machine.
2020-09-02T21:10:44: StartupUtility : Window is NOT Elapsed.
2020-09-02T21:10:44: <<< Adobe Updater Log End <<<


2020-09-03T09:56:56: >>> Adobe Updater Log Begin >>>
2020-09-03T09:56:56: Application Version: 6.0.0.67
2020-09-03T09:56:56: cmdline option: -logFile = C:\Users\suporte\AppData\Local\Adobe\AAMUpdater\1.0\aamul.log
2020-09-03T09:56:56: cmdline option: -logLevel = 2
2020-09-03T09:56:56: StartupUtility : Loaded at startup/logon.
2020-09-03T09:56:56: UCIsUpdaterEnabled : UpdaterIsEnabled.
2020-09-03T09:56:56: Updater has never been run on the machine.
2020-09-03T09:56:56: StartupUtility : Window is NOT Elapsed.
2020-09-03T09:56:56: <<< Adobe Updater Log End <<<


2020-09-04T09:58:11: >>> Adobe Updater Log Begin >>>
2020-09-04T09:58:11: Application Version: 6.0.0.67
2020-09-04T09:58:11: cmdline option: -logFile = C:\Users\suporte\AppData\Local\Adobe\AAMUpdater\1.0\aamul.log
2020-09-04T09:58:11: cmdline option: -logLevel = 2
2020-09-04T09:58:11: StartupUtility : Loaded at startup/logon.
2020-09-04T09:58:11: UCIsUpdaterEnabled : UpdaterIsEnabled.
2020-09-04T09:58:11: Updater has never been run on the machine.
2020-09-04T09:58:11: StartupUtility : Window is NOT Elapsed.
2020-09-04T09:58:11: <<< Adobe Updater Log End <<<


2020-09-04T19:46:41: >>> Adobe Updater Log Begin >>>
2020-09-04T19:46:41: Application Version: 6.0.0.67
2020-09-04T19:46:41: cmdline option: -logFile = C:\Users\suporte\AppData\Local\Adobe\AAMUpdater\1.0\aamul.log
2020-09-04T19:46:41: cmdline option: -logLevel = 2
2020-09-04T19:46:41: StartupUtility : Loaded at startup/logon.
2020-09-04T19:46:41: UCIsUpdaterEnabled : UpdaterIsEnabled.
2020-09-04T19:46:41: Updater has never been run on the machine.
2020-09-04T19:46:41: StartupUtility : Window is NOT Elapsed.
2020-09-04T19:46:41: <<< Adobe Updater Log End <<<


2020-09-05T10:39:13: >>> Adobe Updater Log Begin >>>
2020-09-05T10:39:13: Application Version: 6.0.0.67
2020-09-05T10:39:13: cmdline option: -logFile = C:\Users\suporte\AppData\Local\Adobe\AAMUpdater\1.0\aamul.log
2020-09-05T10:39:13: cmdline option: -logLevel = 2
2020-09-05T10:39:13: StartupUtility : Loaded at startup/logon.
2020-09-05T10:39:13: UCIsUpdaterEnabled : UpdaterIsEnabled.
2020-09-05T10:39:13: Updater has never been run on the machine.
2020-09-05T10:39:13: StartupUtility : Window is NOT Elapsed.
2020-09-05T10:39:13: <<< Adobe Updater Log End <<<


2020-09-05T19:28:01: >>> Adobe Updater Log Begin >>>
2020-09-05T19:28:01: Application Version: 6.0.0.67
2020-09-05T19:28:01: cmdline option: -logFile = C:\Users\suporte\AppData\Local\Adobe\AAMUpdater\1.0\aamul.log
2020-09-05T19:28:01: cmdline option: -logLevel = 2
2020-09-05T19:28:01: StartupUtility : Loaded at startup/logon.
2020-09-05T19:28:01: UCIsUpdaterEnabled : UpdaterIsEnabled.
2020-09-05T19:28:01: Updater has never been run on the machine.
2020-09-05T19:28:01: StartupUtility : Window is NOT Elapsed.
2020-09-05T19:28:01: <<< Adobe Updater Log End <<<


2020-09-07T13:46:13: >>> Adobe Updater Log Begin >>>
2020-09-07T13:46:13: Application Version: 6.0.0.67
2020-09-07T13:46:13: cmdline option: -logFile = C:\Users\suporte\AppData\Local\Adobe\AAMUpdater\1.0\aamul.log
2020-09-07T13:46:13: cmdline option: -logLevel = 2
2020-09-07T13:46:13: StartupUtility : Loaded at startup/logon.
2020-09-07T13:46:13: UCIsUpdaterEnabled : UpdaterIsEnabled.
2020-09-07T13:46:13: Updater has never been run on the machine.
2020-09-07T13:46:13: StartupUtility : Window is NOT Elapsed.
2020-09-07T13:46:13: <<< Adobe Updater Log End <<<


2020-09-08T14:13:52: >>> Adobe Updater Log Begin >>>
2020-09-08T14:13:52: Application Version: 6.0.0.67
2020-09-08T14:13:52: cmdline option: -logFile = C:\Users\suporte\AppData\Local\Adobe\AAMUpdater\1.0\aamul.log
2020-09-08T14:13:52: cmdline option: -logLevel = 2
2020-09-08T14:13:52: StartupUtility : Loaded at startup/logon.
2020-09-08T14:13:52: UCIsUpdaterEnabled : UpdaterIsEnabled.
2020-09-08T14:13:52: Updater has never been run on the machine.
2020-09-08T14:13:52: StartupUtility : Window is NOT Elapsed.
2020-09-08T14:13:52: <<< Adobe Updater Log End <<<


2020-09-08T17:35:10: >>> Adobe Updater Log Begin >>>
2020-09-08T17:35:10: Application Version: 6.0.0.67
2020-09-08T17:35:10: cmdline option: -logFile = C:\Users\suporte\AppData\Local\Adobe\AAMUpdater\1.0\aamul.log
2020-09-08T17:35:10: cmdline option: -logLevel = 2
2020-09-08T17:35:10: StartupUtility : Loaded at startup/logon.
2020-09-08T17:35:10: UCIsUpdaterEnabled : UpdaterIsEnabled.
2020-09-08T17:35:10: Updater has never been run on the machine.
2020-09-08T17:35:10: StartupUtility : Window is NOT Elapsed.
2020-09-08T17:35:10: <<< Adobe Updater Log End <<<


2020-09-08T17:52:24: >>> Adobe Updater Log Begin >>>
2020-09-08T17:52:24: Application Version: 6.0.0.67
2020-09-08T17:52:24: cmdline option: -logFile = C:\Users\suporte\AppData\Local\Adobe\AAMUpdater\1.0\aamul.log
2020-09-08T17:52:24: cmdline option: -logLevel = 2
2020-09-08T17:52:24: StartupUtility : Loaded at startup/logon.
2020-09-08T17:52:24: UCIsUpdaterEnabled : UpdaterIsEnabled.
2020-09-08T17:52:24: Updater has never been run on the machine.
2020-09-08T17:52:24: StartupUtility : Window is NOT Elapsed.
2020-09-08T17:52:24: <<< Adobe Updater Log End <<<


2020-09-08T21:54:09: >>> Adobe Updater Log Begin >>>
2020-09-08T21:54:09: Application Version: 6.0.0.67
2020-09-08T21:54:09: cmdline option: -logFile = C:\Users\suporte\AppData\Local\Adobe\AAMUpdater\1.0\aamul.log
2020-09-08T21:54:09: cmdline option: -logLevel = 2
2020-09-08T21:54:09: StartupUtility : Loaded at startup/logon.
2020-09-08T21:54:09: UCIsUpdaterEnabled : UpdaterIsEnabled.
2020-09-08T21:54:09: Updater has never been run on the machine.
2020-09-08T21:54:09: StartupUtility : Window is NOT Elapsed.
2020-09-08T21:54:09: <<< Adobe Updater Log End <<<


2020-09-10T01:40:00: >>> Adobe Updater Log Begin >>>
2020-09-10T01:40:00: Application Version: 6.0.0.67
2020-09-10T01:40:00: cmdline option: -logFile = C:\Users\suporte\AppData\Local\Adobe\AAMUpdater\1.0\aamul.log
2020-09-10T01:40:00: cmdline option: -logLevel = 2
2020-09-10T01:40:00: StartupUtility : Loaded at startup/logon.
2020-09-10T01:40:00: UCIsUpdaterEnabled : UpdaterIsEnabled.
2020-09-10T01:40:00: Updater has never been run on the machine.
2020-09-10T01:40:00: StartupUtility : Window is NOT Elapsed.
2020-09-10T01:40:00: <<< Adobe Updater Log End <<<


2020-09-10T10:01:00: >>> Adobe Updater Log Begin >>>
2020-09-10T10:01:00: Application Version: 6.0.0.67
2020-09-10T10:01:00: cmdline option: -logFile = C:\Users\suporte\AppData\Local\Adobe\AAMUpdater\1.0\aamul.log
2020-09-10T10:01:00: cmdline option: -logLevel = 2
2020-09-10T10:01:00: StartupUtility : Loaded at startup/logon.
2020-09-10T10:01:00: UCIsUpdaterEnabled : UpdaterIsEnabled.
2020-09-10T10:01:00: Updater has never been run on the machine.
2020-09-10T10:01:00: StartupUtility : Window is NOT Elapsed.
2020-09-10T10:01:00: <<< Adobe Updater Log End <<<


2020-09-11T17:17:03: >>> Adobe Updater Log Begin >>>
2020-09-11T17:17:03: Application Version: 6.0.0.67
2020-09-11T17:17:03: cmdline option: -logFile = C:\Users\suporte\AppData\Local\Adobe\AAMUpdater\1.0\aamul.log
2020-09-11T17:17:03: cmdline option: -logLevel = 2
2020-09-11T17:17:03: StartupUtility : Loaded at startup/logon.
2020-09-11T17:17:03: UCIsUpdaterEnabled : UpdaterIsEnabled.
2020-09-11T17:17:03: Updater has never been run on the machine.
2020-09-11T17:17:03: StartupUtility : Window is NOT Elapsed.
2020-09-11T17:17:03: <<< Adobe Updater Log End <<<


2020-09-11T22:00:41: >>> Adobe Updater Log Begin >>>
2020-09-11T22:00:41: Application Version: 6.0.0.67
2020-09-11T22:00:41: cmdline option: -logFile = C:\Users\suporte\AppData\Local\Adobe\AAMUpdater\1.0\aamul.log
2020-09-11T22:00:41: cmdline option: -logLevel = 2
2020-09-11T22:00:41: StartupUtility : Loaded at startup/logon.
2020-09-11T22:00:41: UCIsUpdaterEnabled : UpdaterIsEnabled.
2020-09-11T22:00:41: Updater has never been run on the machine.
2020-09-11T22:00:41: StartupUtility : Window is NOT Elapsed.
2020-09-11T22:00:41: <<< Adobe Updater Log End <<<


2020-09-12T10:42:22: >>> Adobe Updater Log Begin >>>
2020-09-12T10:42:22: Application Version: 6.0.0.67
2020-09-12T10:42:22: cmdline option: -logFile = C:\Users\suporte\AppData\Local\Adobe\AAMUpdater\1.0\aamul.log
2020-09-12T10:42:22: cmdline option: -logLevel = 2
2020-09-12T10:42:22: StartupUtility : Loaded at startup/logon.
2020-09-12T10:42:22: UCIsUpdaterEnabled : UpdaterIsEnabled.
2020-09-12T10:42:22: Updater has never been run on the machine.
2020-09-12T10:42:22: StartupUtility : Window is NOT Elapsed.
2020-09-12T10:42:22: <<< Adobe Updater Log End <<<


2020-09-12T19:29:00: >>> Adobe Updater Log Begin >>>
2020-09-12T19:29:00: Application Version: 6.0.0.67
2020-09-12T19:29:00: cmdline option: -logFile = C:\Users\suporte\AppData\Local\Adobe\AAMUpdater\1.0\aamul.log
2020-09-12T19:29:00: cmdline option: -logLevel = 2
2020-09-12T19:29:00: StartupUtility : Loaded at startup/logon.
2020-09-12T19:29:00: UCIsUpdaterEnabled : UpdaterIsEnabled.
2020-09-12T19:29:00: Updater has never been run on the machine.
2020-09-12T19:29:00: StartupUtility : Window is NOT Elapsed.
2020-09-12T19:29:00: <<< Adobe Updater Log End <<<


2020-09-13T19:07:35: >>> Adobe Updater Log Begin >>>
2020-09-13T19:07:35: Application Version: 6.0.0.67
2020-09-13T19:07:35: cmdline option: -logFile = C:\Users\suporte\AppData\Local\Adobe\AAMUpdater\1.0\aamul.log
2020-09-13T19:07:35: cmdline option: -logLevel = 2
2020-09-13T19:07:35: StartupUtility : Loaded at startup/logon.
2020-09-13T19:07:35: UCIsUpdaterEnabled : UpdaterIsEnabled.
2020-09-13T19:07:35: Updater has never been run on the machine.
2020-09-13T19:07:35: StartupUtility : Window is NOT Elapsed.
2020-09-13T19:07:35: <<< Adobe Updater Log End <<<


2020-09-14T10:05:53: >>> Adobe Updater Log Begin >>>
2020-09-14T10:05:53: Application Version: 6.0.0.67
2020-09-14T10:05:53: cmdline option: -logFile = C:\Users\suporte\AppData\Local\Adobe\AAMUpdater\1.0\aamul.log
2020-09-14T10:05:53: cmdline option: -logLevel = 2
2020-09-14T10:05:53: StartupUtility : Loaded at startup/logon.
2020-09-14T10:05:53: UCIsUpdaterEnabled : UpdaterIsEnabled.
2020-09-14T10:05:53: Updater has never been run on the machine.
2020-09-14T10:05:53: StartupUtility : Window is NOT Elapsed.
2020-09-14T10:05:53: <<< Adobe Updater Log End <<<


2020-09-14T19:10:41: >>> Adobe Updater Log Begin >>>
2020-09-14T19:10:41: Application Version: 6.0.0.67
2020-09-14T19:10:41: cmdline option: -logFile = C:\Users\suporte\AppData\Local\Adobe\AAMUpdater\1.0\aamul.log
2020-09-14T19:10:41: cmdline option: -logLevel = 2
2020-09-14T19:10:41: StartupUtility : Loaded at startup/logon.
2020-09-14T19:10:41: UCIsUpdaterEnabled : UpdaterIsEnabled.
2020-09-14T19:10:41: Updater has never been run on the machine.
2020-09-14T19:10:41: StartupUtility : Window is NOT Elapsed.
2020-09-14T19:10:41: <<< Adobe Updater Log End <<<


2020-09-14T21:31:35: >>> Adobe Updater Log Begin >>>
2020-09-14T21:31:35: Application Version: 6.0.0.67
2020-09-14T21:31:35: cmdline option: -logFile = C:\Users\suporte\AppData\Local\Adobe\AAMUpdater\1.0\aamul.log
2020-09-14T21:31:35: cmdline option: -logLevel = 2
2020-09-14T21:31:35: StartupUtility : Loaded at startup/logon.
2020-09-14T21:31:35: UCIsUpdaterEnabled : UpdaterIsEnabled.
2020-09-14T21:31:35: Updater has never been run on the machine.
2020-09-14T21:31:35: StartupUtility : Window is NOT Elapsed.
2020-09-14T21:31:35: <<< Adobe Updater Log End <<<


2020-09-15T10:14:30: >>> Adobe Updater Log Begin >>>
2020-09-15T10:14:30: Application Version: 6.0.0.67
2020-09-15T10:14:30: cmdline option: -logFile = C:\Users\suporte\AppData\Local\Adobe\AAMUpdater\1.0\aamul.log
2020-09-15T10:14:30: cmdline option: -logLevel = 2
2020-09-15T10:14:30: StartupUtility : Loaded at startup/logon.
2020-09-15T10:14:30: UCIsUpdaterEnabled : UpdaterIsEnabled.
2020-09-15T10:14:30: Updater has never been run on the machine.
2020-09-15T10:14:30: StartupUtility : Window is NOT Elapsed.
2020-09-15T10:14:30: <<< Adobe Updater Log End <<<


2020-09-15T16:49:15: >>> Adobe Updater Log Begin >>>
2020-09-15T16:49:15: Application Version: 6.0.0.67
2020-09-15T16:49:15: cmdline option: -logFile = C:\Users\suporte\AppData\Local\Adobe\AAMUpdater\1.0\aamul.log
2020-09-15T16:49:15: cmdline option: -logLevel = 2
2020-09-15T16:49:15: StartupUtility : Loaded at startup/logon.
2020-09-15T16:49:16: UCIsUpdaterEnabled : UpdaterIsEnabled.
2020-09-15T16:49:16: Updater has never been run on the machine.
2020-09-15T16:49:16: StartupUtility : Window is NOT Elapsed.
2020-09-15T16:49:16: <<< Adobe Updater Log End <<<


2020-09-15T22:06:07: >>> Adobe Updater Log Begin >>>
2020-09-15T22:06:07: Application Version: 6.0.0.67
2020-09-15T22:06:07: cmdline option: -logFile = C:\Users\suporte\AppData\Local\Adobe\AAMUpdater\1.0\aamul.log
2020-09-15T22:06:07: cmdline option: -logLevel = 2
2020-09-15T22:06:07: StartupUtility : Loaded at startup/logon.
2020-09-15T22:06:07: UCIsUpdaterEnabled : UpdaterIsEnabled.
2020-09-15T22:06:07: Updater has never been run on the machine.
2020-09-15T22:06:07: StartupUtility : Window is NOT Elapsed.
2020-09-15T22:06:07: <<< Adobe Updater Log End <<<


2020-09-16T11:14:42: >>> Adobe Updater Log Begin >>>
2020-09-16T11:14:42: Application Version: 6.0.0.67
2020-09-16T11:14:42: cmdline option: -logFile = C:\Users\suporte\AppData\Local\Adobe\AAMUpdater\1.0\aamul.log
2020-09-16T11:14:42: cmdline option: -logLevel = 2
2020-09-16T11:14:42: StartupUtility : Loaded at startup/logon.
2020-09-16T11:14:42: UCIsUpdaterEnabled : UpdaterIsEnabled.
2020-09-16T11:14:42: Updater has never been run on the machine.
2020-09-16T11:14:42: StartupUtility : Window is NOT Elapsed.
2020-09-16T11:14:42: <<< Adobe Updater Log End <<<


2020-09-16T19:31:45: >>> Adobe Updater Log Begin >>>
2020-09-16T19:31:45: Application Version: 6.0.0.67
2020-09-16T19:31:45: cmdline option: -logFile = C:\Users\suporte\AppData\Local\Adobe\AAMUpdater\1.0\aamul.log
2020-09-16T19:31:45: cmdline option: -logLevel = 2
2020-09-16T19:31:45: StartupUtility : Loaded at startup/logon.
2020-09-16T19:31:45: UCIsUpdaterEnabled : UpdaterIsEnabled.
2020-09-16T19:31:45: Updater has never been run on the machine.
2020-09-16T19:31:45: StartupUtility : Window is NOT Elapsed.
2020-09-16T19:31:45: <<< Adobe Updater Log End <<<


2020-09-16T21:07:52: >>> Adobe Updater Log Begin >>>
2020-09-16T21:07:52: Application Version: 6.0.0.67
2020-09-16T21:07:52: cmdline option: -logFile = C:\Users\suporte\AppData\Local\Adobe\AAMUpdater\1.0\aamul.log
2020-09-16T21:07:52: cmdline option: -logLevel = 2
2020-09-16T21:07:52: StartupUtility : Loaded at startup/logon.
2020-09-16T21:07:52: UCIsUpdaterEnabled : UpdaterIsEnabled.
2020-09-16T21:07:52: Updater has never been run on the machine.
2020-09-16T21:07:52: StartupUtility : Window is NOT Elapsed.
2020-09-16T21:07:52: <<< Adobe Updater Log End <<<


2020-09-16T23:09:07: >>> Adobe Updater Log Begin >>>
2020-09-16T23:09:07: Application Version: 6.0.0.67
2020-09-16T23:09:07: cmdline option: -logFile = C:\Users\suporte\AppData\Local\Adobe\AAMUpdater\1.0\aamul.log
2020-09-16T23:09:07: cmdline option: -logLevel = 2
2020-09-16T23:09:07: StartupUtility : Loaded at startup/logon.
2020-09-16T23:09:07: UCIsUpdaterEnabled : UpdaterIsEnabled.
2020-09-16T23:09:07: Updater has never been run on the machine.
2020-09-16T23:09:07: StartupUtility : Window is NOT Elapsed.
2020-09-16T23:09:07: <<< Adobe Updater Log End <<<


2020-09-17T10:03:48: >>> Adobe Updater Log Begin >>>
2020-09-17T10:03:48: Application Version: 6.0.0.67
2020-09-17T10:03:48: cmdline option: -logFile = C:\Users\suporte\AppData\Local\Adobe\AAMUpdater\1.0\aamul.log
2020-09-17T10:03:48: cmdline option: -logLevel = 2
2020-09-17T10:03:48: StartupUtility : Loaded at startup/logon.
2020-09-17T10:03:48: UCIsUpdaterEnabled : UpdaterIsEnabled.
2020-09-17T10:03:48: Updater has never been run on the machine.
2020-09-17T10:03:48: StartupUtility : Window is NOT Elapsed.
2020-09-17T10:03:48: <<< Adobe Updater Log End <<<


2020-09-18T10:00:43: >>> Adobe Updater Log Begin >>>
2020-09-18T10:00:43: Application Version: 6.0.0.67
2020-09-18T10:00:43: cmdline option: -logFile = C:\Users\suporte\AppData\Local\Adobe\AAMUpdater\1.0\aamul.log
2020-09-18T10:00:43: cmdline option: -logLevel = 2
2020-09-18T10:00:43: StartupUtility : Loaded at startup/logon.
2020-09-18T10:00:43: UCIsUpdaterEnabled : UpdaterIsEnabled.
2020-09-18T10:00:43: Updater has never been run on the machine.
2020-09-18T10:00:43: StartupUtility : Window is NOT Elapsed.
2020-09-18T10:00:43: <<< Adobe Updater Log End <<<


2020-09-18T17:00:53: >>> Adobe Updater Log Begin >>>
2020-09-18T17:00:53: Application Version: 6.0.0.67
2020-09-18T17:00:53: cmdline option: -logFile = C:\Users\suporte\AppData\Local\Adobe\AAMUpdater\1.0\aamul.log
2020-09-18T17:00:53: cmdline option: -logLevel = 2
2020-09-18T17:00:53: StartupUtility : Loaded at startup/logon.
2020-09-18T17:00:53: UCIsUpdaterEnabled : UpdaterIsEnabled.
2020-09-18T17:00:53: Updater has never been run on the machine.
2020-09-18T17:00:53: StartupUtility : Window is NOT Elapsed.
2020-09-18T17:00:53: <<< Adobe Updater Log End <<<


2020-09-18T22:01:26: >>> Adobe Updater Log Begin >>>
2020-09-18T22:01:26: Application Version: 6.0.0.67
2020-09-18T22:01:26: cmdline option: -logFile = C:\Users\suporte\AppData\Local\Adobe\AAMUpdater\1.0\aamul.log
2020-09-18T22:01:26: cmdline option: -logLevel = 2
2020-09-18T22:01:26: StartupUtility : Loaded at startup/logon.
2020-09-18T22:01:26: UCIsUpdaterEnabled : UpdaterIsEnabled.
2020-09-18T22:01:26: Updater has never been run on the machine.
2020-09-18T22:01:26: StartupUtility : Window is NOT Elapsed.
2020-09-18T22:01:26: <<< Adobe Updater Log End <<<


2020-09-19T10:39:18: >>> Adobe Updater Log Begin >>>
2020-09-19T10:39:18: Application Version: 6.0.0.67
2020-09-19T10:39:18: cmdline option: -logFile = C:\Users\suporte\AppData\Local\Adobe\AAMUpdater\1.0\aamul.log
2020-09-19T10:39:18: cmdline option: -logLevel = 2
2020-09-19T10:39:18: StartupUtility : Loaded at startup/logon.
2020-09-19T10:39:18: UCIsUpdaterEnabled : UpdaterIsEnabled.
2020-09-19T10:39:18: Updater has never been run on the machine.
2020-09-19T10:39:18: StartupUtility : Window is NOT Elapsed.
2020-09-19T10:39:18: <<< Adobe Updater Log End <<<


2020-09-19T20:49:01: >>> Adobe Updater Log Begin >>>
2020-09-19T20:49:01: Application Version: 6.0.0.67
2020-09-19T20:49:01: cmdline option: -logFile = C:\Users\suporte\AppData\Local\Adobe\AAMUpdater\1.0\aamul.log
2020-09-19T20:49:01: cmdline option: -logLevel = 2
2020-09-19T20:49:01: StartupUtility : Loaded at startup/logon.
2020-09-19T20:49:01: UCIsUpdaterEnabled : UpdaterIsEnabled.
2020-09-19T20:49:01: Updater has never been run on the machine.
2020-09-19T20:49:01: StartupUtility : Window is NOT Elapsed.
2020-09-19T20:49:01: <<< Adobe Updater Log End <<<


2020-09-21T09:52:12: >>> Adobe Updater Log Begin >>>
2020-09-21T09:52:12: Application Version: 6.0.0.67
2020-09-21T09:52:12: cmdline option: -logFile = C:\Users\suporte\AppData\Local\Adobe\AAMUpdater\1.0\aamul.log
2020-09-21T09:52:12: cmdline option: -logLevel = 2
2020-09-21T09:52:12: StartupUtility : Loaded at startup/logon.
2020-09-21T09:52:12: UCIsUpdaterEnabled : UpdaterIsEnabled.
2020-09-21T09:52:12: Updater has never been run on the machine.
2020-09-21T09:52:12: StartupUtility : Window is NOT Elapsed.
2020-09-21T09:52:12: <<< Adobe Updater Log End <<<


2020-09-22T10:02:55: >>> Adobe Updater Log Begin >>>
2020-09-22T10:02:55: Application Version: 6.0.0.67
2020-09-22T10:02:55: cmdline option: -logFile = C:\Users\suporte\AppData\Local\Adobe\AAMUpdater\1.0\aamul.log
2020-09-22T10:02:55: cmdline option: -logLevel = 2
2020-09-22T10:02:55: StartupUtility : Loaded at startup/logon.
2020-09-22T10:02:55: UCIsUpdaterEnabled : UpdaterIsEnabled.
2020-09-22T10:02:55: Updater has never been run on the machine.
2020-09-22T10:02:55: StartupUtility : Window is NOT Elapsed.
2020-09-22T10:02:55: <<< Adobe Updater Log End <<<


2020-09-23T10:01:50: >>> Adobe Updater Log Begin >>>
2020-09-23T10:01:50: Application Version: 6.0.0.67
2020-09-23T10:01:50: cmdline option: -logFile = C:\Users\suporte\AppData\Local\Adobe\AAMUpdater\1.0\aamul.log
2020-09-23T10:01:50: cmdline option: -logLevel = 2
2020-09-23T10:01:50: StartupUtility : Loaded at startup/logon.
2020-09-23T10:01:50: UCIsUpdaterEnabled : UpdaterIsEnabled.
2020-09-23T10:01:50: Updater has never been run on the machine.
2020-09-23T10:01:50: StartupUtility : Window is NOT Elapsed.
2020-09-23T10:01:50: <<< Adobe Updater Log End <<<


2020-09-24T10:00:17: >>> Adobe Updater Log Begin >>>
2020-09-24T10:00:17: Application Version: 6.0.0.67
2020-09-24T10:00:17: cmdline option: -logFile = C:\Users\suporte\AppData\Local\Adobe\AAMUpdater\1.0\aamul.log
2020-09-24T10:00:17: cmdline option: -logLevel = 2
2020-09-24T10:00:17: StartupUtility : Loaded at startup/logon.
2020-09-24T10:00:17: UCIsUpdaterEnabled : UpdaterIsEnabled.
2020-09-24T10:00:17: Updater has never been run on the machine.
2020-09-24T10:00:17: StartupUtility : Window is NOT Elapsed.
2020-09-24T10:00:17: <<< Adobe Updater Log End <<<


2020-09-25T01:44:32: >>> Adobe Updater Log Begin >>>
2020-09-25T01:44:32: Application Version: 6.0.0.67
2020-09-25T01:44:32: cmdline option: -logFile = C:\Users\suporte\AppData\Local\Adobe\AAMUpdater\1.0\aamul.log
2020-09-25T01:44:32: cmdline option: -logLevel = 2
2020-09-25T01:44:32: StartupUtility : Loaded at startup/logon.
2020-09-25T01:44:32: UCIsUpdaterEnabled : UpdaterIsEnabled.
2020-09-25T01:44:32: Updater has never been run on the machine.
2020-09-25T01:44:32: StartupUtility : Window is NOT Elapsed.
2020-09-25T01:44:32: <<< Adobe Updater Log End <<<


2020-09-25T10:03:52: >>> Adobe Updater Log Begin >>>
2020-09-25T10:03:52: Application Version: 6.0.0.67
2020-09-25T10:03:52: cmdline option: -logFile = C:\Users\suporte\AppData\Local\Adobe\AAMUpdater\1.0\aamul.log
2020-09-25T10:03:52: cmdline option: -logLevel = 2
2020-09-25T10:03:52: StartupUtility : Loaded at startup/logon.
2020-09-25T10:03:52: UCIsUpdaterEnabled : UpdaterIsEnabled.
2020-09-25T10:03:52: Updater has never been run on the machine.
2020-09-25T10:03:52: StartupUtility : Window is NOT Elapsed.
2020-09-25T10:03:52: <<< Adobe Updater Log End <<<


2020-09-25T18:42:02: >>> Adobe Updater Log Begin >>>
2020-09-25T18:42:02: Application Version: 6.0.0.67
2020-09-25T18:42:02: cmdline option: -logFile = C:\Users\suporte\AppData\Local\Adobe\AAMUpdater\1.0\aamul.log
2020-09-25T18:42:02: cmdline option: -logLevel = 2
2020-09-25T18:42:02: StartupUtility : Loaded at startup/logon.
2020-09-25T18:42:02: UCIsUpdaterEnabled : UpdaterIsEnabled.
2020-09-25T18:42:02: Updater has never been run on the machine.
2020-09-25T18:42:02: StartupUtility : Window is NOT Elapsed.
2020-09-25T18:42:02: <<< Adobe Updater Log End <<<


2020-09-25T21:31:50: >>> Adobe Updater Log Begin >>>
2020-09-25T21:31:50: Application Version: 6.0.0.67
2020-09-25T21:31:50: cmdline option: -logFile = C:\Users\suporte\AppData\Local\Adobe\AAMUpdater\1.0\aamul.log
2020-09-25T21:31:50: cmdline option: -logLevel = 2
2020-09-25T21:31:50: StartupUtility : Loaded at startup/logon.
2020-09-25T21:31:50: UCIsUpdaterEnabled : UpdaterIsEnabled.
2020-09-25T21:31:50: Updater has never been run on the machine.
2020-09-25T21:31:50: StartupUtility : Window is NOT Elapsed.
2020-09-25T21:31:50: <<< Adobe Updater Log End <<<


2020-09-26T10:39:15: >>> Adobe Updater Log Begin >>>
2020-09-26T10:39:15: Application Version: 6.0.0.67
2020-09-26T10:39:15: cmdline option: -logFile = C:\Users\suporte\AppData\Local\Adobe\AAMUpdater\1.0\aamul.log
2020-09-26T10:39:15: cmdline option: -logLevel = 2
2020-09-26T10:39:15: StartupUtility : Loaded at startup/logon.
2020-09-26T10:39:15: UCIsUpdaterEnabled : UpdaterIsEnabled.
2020-09-26T10:39:15: Updater has never been run on the machine.
2020-09-26T10:39:15: StartupUtility : Window is NOT Elapsed.
2020-09-26T10:39:15: <<< Adobe Updater Log End <<<


2020-09-26T19:41:53: >>> Adobe Updater Log Begin >>>
2020-09-26T19:41:53: Application Version: 6.0.0.67
2020-09-26T19:41:53: cmdline option: -logFile = C:\Users\suporte\AppData\Local\Adobe\AAMUpdater\1.0\aamul.log
2020-09-26T19:41:53: cmdline option: -logLevel = 2
2020-09-26T19:41:53: StartupUtility : Loaded at startup/logon.
2020-09-26T19:41:53: UCIsUpdaterEnabled : UpdaterIsEnabled.
2020-09-26T19:41:53: Updater has never been run on the machine.
2020-09-26T19:41:53: StartupUtility : Window is NOT Elapsed.
2020-09-26T19:41:53: <<< Adobe Updater Log End <<<


2020-09-28T09:52:25: >>> Adobe Updater Log Begin >>>
2020-09-28T09:52:25: Application Version: 6.0.0.67
2020-09-28T09:52:25: cmdline option: -logFile = C:\Users\suporte\AppData\Local\Adobe\AAMUpdater\1.0\aamul.log
2020-09-28T09:52:25: cmdline option: -logLevel = 2
2020-09-28T09:52:25: StartupUtility : Loaded at startup/logon.
2020-09-28T09:52:25: UCIsUpdaterEnabled : UpdaterIsEnabled.
2020-09-28T09:52:25: Updater has never been run on the machine.
2020-09-28T09:52:25: StartupUtility : Window is NOT Elapsed.
2020-09-28T09:52:25: <<< Adobe Updater Log End <<<


2020-09-29T10:02:51: >>> Adobe Updater Log Begin >>>
2020-09-29T10:02:51: Application Version: 6.0.0.67
2020-09-29T10:02:51: cmdline option: -logFile = C:\Users\suporte\AppData\Local\Adobe\AAMUpdater\1.0\aamul.log
2020-09-29T10:02:51: cmdline option: -logLevel = 2
2020-09-29T10:02:51: StartupUtility : Loaded at startup/logon.
2020-09-29T10:02:51: UCIsUpdaterEnabled : UpdaterIsEnabled.
2020-09-29T10:02:51: Updater has never been run on the machine.
2020-09-29T10:02:51: StartupUtility : Window is NOT Elapsed.
2020-09-29T10:02:51: <<< Adobe Updater Log End <<<


